<?xml version="1.0" encoding="UTF-8"?>
<!-- Generated by org.testng.reporters.JUnitXMLReporter -->
<testsuite hostname="PAR-GRAYES.local" ignored="2" name="Command line test" tests="1" failures="0" timestamp="15 juil. 2019 16:11:51 GMT" time="2.385" errors="0">
  <testcase name="registrationPageTest" time="1.155" classname="com.newtours.tests.BookFlightTest"/>
  <testcase name="@BeforeTest setupDriver" time="0.0" classname="com.newtours.tests.BaseTest">
    <ignored/>
  </testcase> <!-- @BeforeTest setupDriver -->
  <testcase name="@AfterTest quitDriver" time="0.0" classname="com.newtours.tests.BaseTest">
    <ignored/>
  </testcase> <!-- @AfterTest quitDriver -->
</testsuite> <!-- Command line test -->
