<?xml version="1.0" encoding="UTF-8"?>
<testng-results skipped="0" failed="0" ignored="2" total="3" passed="1">
  <reporter-output>
  </reporter-output>
  <suite name="Command line suite" duration-ms="2385" started-at="2019-07-15T16:11:48Z" finished-at="2019-07-15T16:11:51Z">
    <groups>
    </groups>
    <test name="Command line test" duration-ms="2385" started-at="2019-07-15T16:11:48Z" finished-at="2019-07-15T16:11:51Z">
      <class name="com.newtours.tests.BookFlightTest">
        <test-method status="PASS" signature="setupDriver()[pri:0, instance:com.newtours.tests.BookFlightTest@2d554825]" name="setupDriver" is-config="true" duration-ms="1139" started-at="2019-07-15T16:11:48Z" finished-at="2019-07-15T16:11:49Z">
          <reporter-output>
          </reporter-output>
        </test-method> <!-- setupDriver -->
        <test-method status="PASS" signature="registrationPageTest()[pri:0, instance:com.newtours.tests.BookFlightTest@2d554825]" name="registrationPageTest" duration-ms="1155" started-at="2019-07-15T16:11:49Z" finished-at="2019-07-15T16:11:51Z">
          <reporter-output>
          </reporter-output>
        </test-method> <!-- registrationPageTest -->
        <test-method status="PASS" signature="quitDriver()[pri:0, instance:com.newtours.tests.BookFlightTest@2d554825]" name="quitDriver" is-config="true" duration-ms="75" started-at="2019-07-15T16:11:51Z" finished-at="2019-07-15T16:11:51Z">
          <reporter-output>
          </reporter-output>
        </test-method> <!-- quitDriver -->
      </class> <!-- com.newtours.tests.BookFlightTest -->
    </test> <!-- Command line test -->
  </suite> <!-- Command line suite -->
</testng-results>
